<?xml version="1.0" encoding="UTF-8"?>
<testng-results ignored="0" total="2" passed="2" failed="0" skipped="0">
  <reporter-output>
  </reporter-output>
  <suite started-at="2021-10-08T01:18:10 IST" name="Default suite" finished-at="2021-10-08T01:19:28 IST" duration-ms="78178">
    <groups>
    </groups>
    <test started-at="2021-10-08T01:18:10 IST" name="Default test" finished-at="2021-10-08T01:19:28 IST" duration-ms="78178">
      <class name="Test1">
        <test-method is-config="true" signature="beforeMethod()[pri:0, instance:Test1@3c9d0b9d]" started-at="2021-10-08T01:18:10 IST" name="beforeMethod" finished-at="2021-10-08T01:18:10 IST" duration-ms="6" status="PASS">
          <reporter-output>
          </reporter-output>
        </test-method> <!-- beforeMethod -->
        <test-method signature="Exercise_1()[pri:0, instance:Test1@3c9d0b9d]" started-at="2021-10-08T01:18:10 IST" name="Exercise_1" finished-at="2021-10-08T01:19:03 IST" duration-ms="52746" status="PASS">
          <reporter-output>
          </reporter-output>
        </test-method> <!-- Exercise_1 -->
        <test-method is-config="true" signature="afterMethod()[pri:0, instance:Test1@3c9d0b9d]" started-at="2021-10-08T01:19:03 IST" name="afterMethod" finished-at="2021-10-08T01:19:06 IST" duration-ms="2696" status="PASS">
          <reporter-output>
          </reporter-output>
        </test-method> <!-- afterMethod -->
        <test-method is-config="true" signature="beforeMethod()[pri:0, instance:Test1@3c9d0b9d]" started-at="2021-10-08T01:19:06 IST" name="beforeMethod" finished-at="2021-10-08T01:19:06 IST" duration-ms="1" status="PASS">
          <reporter-output>
          </reporter-output>
        </test-method> <!-- beforeMethod -->
        <test-method signature="Exercise_2()[pri:0, instance:Test1@3c9d0b9d]" started-at="2021-10-08T01:19:06 IST" name="Exercise_2" finished-at="2021-10-08T01:19:26 IST" duration-ms="19585" status="PASS">
          <reporter-output>
          </reporter-output>
        </test-method> <!-- Exercise_2 -->
        <test-method is-config="true" signature="afterMethod()[pri:0, instance:Test1@3c9d0b9d]" started-at="2021-10-08T01:19:26 IST" name="afterMethod" finished-at="2021-10-08T01:19:28 IST" duration-ms="2852" status="PASS">
          <reporter-output>
          </reporter-output>
        </test-method> <!-- afterMethod -->
      </class> <!-- Test1 -->
    </test> <!-- Default test -->
  </suite> <!-- Default suite -->
</testng-results>
